Crashlog created at 2014-10-05 23:22:32 -0400

===== MESSAGE:

Haml::Error: Invalid filter name ":preserve var meh = 'meh';".

===== COMPILATION STACK:

  - [item]   /posts/test2/ (rep default)

===== STACK TRACE:

  0. item /posts/test2/ (rep default):7
  1. /usr/local/lib/ruby/gems/2.1.0/gems/haml-4.1.0.beta.1/lib/haml/parser.rb:457:in `filter'
  2. /usr/local/lib/ruby/gems/2.1.0/gems/haml-4.1.0.beta.1/lib/haml/parser.rb:239:in `process_line'
  3. /usr/local/lib/ruby/gems/2.1.0/gems/haml-4.1.0.beta.1/lib/haml/parser.rb:132:in `block in parse'
  4. /usr/local/lib/ruby/gems/2.1.0/gems/haml-4.1.0.beta.1/lib/haml/parser.rb:118:in `loop'
  5. /usr/local/lib/ruby/gems/2.1.0/gems/haml-4.1.0.beta.1/lib/haml/parser.rb:118:in `parse'
  6. /usr/local/lib/ruby/gems/2.1.0/gems/haml-4.1.0.beta.1/lib/haml/engine.rb:66:in `initialize'
  7. /usr/local/lib/ruby/gems/2.1.0/gems/nanoc-3.7.3/lib/nanoc/filters/haml.rb:23:in `new'
  8. /usr/local/lib/ruby/gems/2.1.0/gems/nanoc-3.7.3/lib/nanoc/filters/haml.rb:23:in `run'
  9. /usr/local/lib/ruby/gems/2.1.0/gems/nanoc-3.7.3/lib/nanoc/base/compilation/filter.rb:121:in `setup_and_run'
  10. /usr/local/lib/ruby/gems/2.1.0/gems/nanoc-3.7.3/lib/nanoc/base/result_data/item_rep.rb:339:in `filter'
  11. /usr/local/lib/ruby/gems/2.1.0/gems/nanoc-3.7.3/lib/nanoc/base/compilation/item_rep_proxy.rb:47:in `filter'
  12. /usr/local/lib/ruby/gems/2.1.0/gems/nanoc-3.7.3/lib/nanoc/base/compilation/rule_context.rb:61:in `filter'
  13. lib/filter_by_ext.rb:6:in `filter_by_ext'
  14. /Users/macseanlaoish/dev/grok-d3/Rules:32:in `block in parse'
  15. /usr/local/lib/ruby/gems/2.1.0/gems/nanoc-3.7.3/lib/nanoc/base/compilation/rule.rb:70:in `instance_eval'
  16. /usr/local/lib/ruby/gems/2.1.0/gems/nanoc-3.7.3/lib/nanoc/base/compilation/rule.rb:70:in `apply_to'
  17. /usr/local/lib/ruby/gems/2.1.0/gems/nanoc-3.7.3/lib/nanoc/base/compilation/compiler.rb:386:in `compile_rep'
  18. /usr/local/lib/ruby/gems/2.1.0/gems/nanoc-3.7.3/lib/nanoc/base/compilation/compiler.rb:342:in `block in compile_reps'
  19. /usr/local/lib/ruby/gems/2.1.0/gems/nanoc-3.7.3/lib/nanoc/base/compilation/compiler.rb:335:in `loop'
  20. /usr/local/lib/ruby/gems/2.1.0/gems/nanoc-3.7.3/lib/nanoc/base/compilation/compiler.rb:335:in `compile_reps'
  21. /usr/local/lib/ruby/gems/2.1.0/gems/nanoc-3.7.3/lib/nanoc/base/compilation/compiler.rb:89:in `run'
  22. /usr/local/lib/ruby/gems/2.1.0/gems/nanoc-3.7.3/lib/nanoc/base/source_data/site.rb:59:in `compile'
  23. /usr/local/lib/ruby/gems/2.1.0/gems/nanoc-3.7.3/lib/nanoc/cli/commands/compile.rb:397:in `block in run'
  24. /usr/local/lib/ruby/gems/2.1.0/gems/nanoc-3.7.3/lib/nanoc/cli/commands/compile.rb:438:in `run_listeners_while'
  25. /usr/local/lib/ruby/gems/2.1.0/gems/nanoc-3.7.3/lib/nanoc/cli/commands/compile.rb:396:in `run'
  26. /usr/local/lib/ruby/gems/2.1.0/gems/nanoc-3.7.3/lib/nanoc/cli/command_runner.rb:14:in `block in call'
  27. /usr/local/lib/ruby/gems/2.1.0/gems/nanoc-3.7.3/lib/nanoc/cli/error_handler.rb:74:in `handle_while'
  28. /usr/local/lib/ruby/gems/2.1.0/gems/nanoc-3.7.3/lib/nanoc/cli/error_handler.rb:26:in `handle_while'
  29. /usr/local/lib/ruby/gems/2.1.0/gems/nanoc-3.7.3/lib/nanoc/cli/command_runner.rb:13:in `call'
  30. /usr/local/lib/ruby/gems/2.1.0/gems/cri-2.6.1/lib/cri/command_dsl.rb:223:in `block in runner'
  31. /usr/local/lib/ruby/gems/2.1.0/gems/cri-2.6.1/lib/cri/command.rb:298:in `call'
  32. /usr/local/lib/ruby/gems/2.1.0/gems/cri-2.6.1/lib/cri/command.rb:298:in `run_this'
  33. /usr/local/lib/ruby/gems/2.1.0/gems/cri-2.6.1/lib/cri/command.rb:251:in `run'
  34. /usr/local/lib/ruby/gems/2.1.0/gems/cri-2.6.1/lib/cri/command.rb:264:in `run'
  35. /usr/local/lib/ruby/gems/2.1.0/gems/nanoc-3.7.3/lib/nanoc/cli.rb:59:in `block in run'
  36. /usr/local/lib/ruby/gems/2.1.0/gems/nanoc-3.7.3/lib/nanoc/cli/error_handler.rb:74:in `handle_while'
  37. /usr/local/lib/ruby/gems/2.1.0/gems/nanoc-3.7.3/lib/nanoc/cli/error_handler.rb:26:in `handle_while'
  38. /usr/local/lib/ruby/gems/2.1.0/gems/nanoc-3.7.3/lib/nanoc/cli.rb:57:in `run'
  39. /usr/local/lib/ruby/gems/2.1.0/gems/nanoc-3.7.3/bin/nanoc:25:in `<top (required)>'
  40. /usr/local/bin/nanoc:23:in `load'

===== VERSION INFORMATION:

nanoc 3.7.3 © 2007-2014 Denis Defreyne.
Running ruby 2.1.3 (2014-09-19) on x86_64-darwin11.0 with RubyGems 2.2.2.

===== SYSTEM INFORMATION:

Darwin Johns-MacBook.local 11.4.2 Darwin Kernel Version 11.4.2: Thu Aug 23 16:26:45 PDT 2012; root:xnu-1699.32.7~1/RELEASE_I386 i386

===== INSTALLED GEMS:

  actionmailer 4.1.4, 4.1.6
  actionpack 4.1.4, 4.1.6
  actionview 4.1.4, 4.1.6
  activemodel 4.1.4, 4.1.6
  activerecord 4.1.4, 4.1.6
  activesupport 4.1.4, 4.1.6
  adsf 1.2.0
  arel 5.0.1.20140414130214
  bigdecimal 1.2.4
  builder 3.2.2
  bundler 1.7.3
  coffee-rails 4.0.1
  coffee-script 2.2.0, 2.3.0
  coffee-script-source 1.7.0, 1.8.0
  colored 1.2
  cri 2.6.1
  erubis 2.7.0
  execjs 2.2.1
  haml 4.0.5, 4.1.0.beta.1
  haml-rails 0.5.3
  hike 1.2.3
  hpricot 0.8.6
  html2haml 1.0.1
  i18n 0.6.9, 0.6.11, 0.7.0.beta1
  io-console 0.4.2
  jbuilder 2.1.1, 2.1.3
  jquery-rails 3.1.1, 3.1.2
  json 1.8.1
  kgio 2.9.2
  kramdown 1.4.2
  mail 2.5.4, 2.6.1
  mime-types 1.25.1, 2.3
  mini_portile 0.6.0
  minitest 4.7.5, 5.3.5, 5.4.1
  multi_json 1.10.1
  nanoc 3.7.3
  nokogiri 1.6.3.1
  pg 0.17.1
  polyglot 0.3.5
  postgres 0.8.1
  psych 2.0.5
  rack 1.5.2
  rack-test 0.6.2
  rails 4.1.4, 4.1.6
  rails_12factor 0.0.2
  rails_serve_static_assets 0.0.1
  rails_stdout_logging 0.0.2
  railties 4.1.4, 4.1.6
  raindrops 0.13.0
  rake 10.1.0, 10.3.2
  rdoc 4.1.0, 4.1.1, 4.1.2
  ruby_parser 3.1.3
  sass 3.2.19
  sass-rails 4.0.3
  sdoc 0.4.0, 0.4.1
  sexp_processor 4.4.4
  spring 1.1.3
  sprockets 2.11.0, 2.12.2
  sprockets-rails 2.1.3, 2.1.4
  sqlite3 1.3.9
  test-unit 2.1.3.0
  thor 0.19.1
  thread_safe 0.3.4
  tilt 1.4.1
  treetop 1.4.15
  turbolinks 2.2.2, 2.3.0
  tzinfo 1.2.1, 1.2.2
  uglifier 2.5.1, 2.5.3
  unicorn 4.8.3

===== ENVIRONMENT:

Apple_PubSub_Socket_Render => "/tmp/launch-gic6iS/Render"
Apple_Ubiquity_Message => "/tmp/launch-OgKSWS/Apple_Ubiquity_Message"
CLICOLOR => "1"
COMMAND_MODE => "unix2003"
DISPLAY => "/tmp/launch-OF3WTE/org.x:0"
GEM_PATH => "/usr/local/lib/ruby/gems/2.1.0:/Users/macseanlaoish/.gem/ruby/2.1.0:/usr/local/Cellar/ruby/2.1.3/lib/ruby/gems/2.1.0"
HOME => "/Users/macseanlaoish"
LANG => "en_US.UTF-8"
LOGNAME => "macseanlaoish"
LS_COLORS => "ExGxBxDxCxEgEdxbxgxcxd"
MAKEFLAGS => ""
MAKELEVEL => "1"
MFLAGS => ""
OLDPWD => "/Users/macseanlaoish/dev"
PATH => "/usr/local/heroku/bin:/Applications/Postgres.app/Contents/Versions/9.3/bin:/usr/local/bin:/usr/local/lib/node_modules/bin:/usr/bin:/bin:/usr/sbin:/sbin:/usr/local/bin:/usr/X11/bin:/usr/local/git/bin"
PS1 => "<\\u> \\e[0;33m\\w\\n\\e[0;36m$\\e[0m "
PWD => "/Users/macseanlaoish/dev/grok-d3"
SHELL => "/bin/bash"
SHLVL => "1"
SSH_AUTH_SOCK => "/tmp/launch-iJIYRz/Listeners"
TERM => "xterm-256color"
TERM_PROGRAM => "Apple_Terminal"
TERM_PROGRAM_VERSION => "303.2"
TERM_SESSION_ID => "34BC31E2-92BB-4778-9AD3-B605EF0DFC35"
TMPDIR => "/var/folders/ds/h4wd8yr12dn8t8gj1jvgly9w0000gn/T/"
USER => "macseanlaoish"
_ => "/usr/bin/make"
__CF_USER_TEXT_ENCODING => "0x1F5:0:0"

===== LOAD PATHS:

  0. /usr/local/lib/ruby/gems/2.1.0/gems/nanoc-3.7.3/lib
  1. /usr/local/lib/ruby/gems/2.1.0/gems/colored-1.2/lib
  2. /usr/local/lib/ruby/gems/2.1.0/gems/cri-2.6.1/lib
  3. /usr/local/lib/ruby/gems/2.1.0/gems/nanoc-3.7.3/lib
  4. /usr/local/lib/ruby/gems/2.1.0/gems/bundler-1.7.3/lib
  5. /usr/local/lib/ruby/gems/2.1.0/gems/tilt-1.4.1/lib
  6. /usr/local/lib/ruby/gems/2.1.0/gems/haml-4.1.0.beta.1/lib
  7. /usr/local/lib/ruby/gems/2.1.0/gems/erubis-2.7.0/lib
  8. /usr/local/lib/ruby/gems/2.1.0/gems/mini_portile-0.6.0/lib
  9. /usr/local/lib/ruby/gems/2.1.0/extensions/x86_64-darwin-11/2.1.0/nokogiri-1.6.3.1
  10. /usr/local/lib/ruby/gems/2.1.0/gems/nokogiri-1.6.3.1/lib
  11. /usr/local/lib/ruby/gems/2.1.0/gems/kramdown-1.4.2/lib
  12. /usr/local/lib/ruby/site_ruby/2.1.0
  13. /usr/local/lib/ruby/site_ruby/2.1.0/x86_64-darwin11.0
  14. /usr/local/lib/ruby/site_ruby
  15. /usr/local/lib/ruby/vendor_ruby/2.1.0
  16. /usr/local/lib/ruby/vendor_ruby/2.1.0/x86_64-darwin11.0
  17. /usr/local/lib/ruby/vendor_ruby
  18. /usr/local/Cellar/ruby/2.1.3/lib/ruby/2.1.0
  19. /usr/local/Cellar/ruby/2.1.3/lib/ruby/2.1.0/x86_64-darwin11.0
